2018-03-20 17:42:19,296 INFO o.a.j.u.JMeterUtils: Setting Locale to es_ES
2018-03-20 17:42:19,307 INFO o.a.j.u.JMeterUtils: Could not find resources for 'es_ES', using 'es'
2018-03-20 17:42:19,307 INFO o.a.j.JMeter: Loading user properties from: /home/alumnos/e299352/apache-jmeter-4.0/bin/user.properties
2018-03-20 17:42:19,308 INFO o.a.j.JMeter: Loading system properties from: /home/alumnos/e299352/apache-jmeter-4.0/bin/system.properties
2018-03-20 17:42:19,311 INFO o.a.j.JMeter: Copyright (c) 1998-2018 The Apache Software Foundation
2018-03-20 17:42:19,311 INFO o.a.j.JMeter: Version 4.0 r1823414
2018-03-20 17:42:19,311 INFO o.a.j.JMeter: java.version=1.8.0_131
2018-03-20 17:42:19,311 INFO o.a.j.JMeter: java.vm.name=Java HotSpot(TM) 64-Bit Server VM
2018-03-20 17:42:19,311 INFO o.a.j.JMeter: os.name=Linux
2018-03-20 17:42:19,312 INFO o.a.j.JMeter: os.arch=amd64
2018-03-20 17:42:19,312 INFO o.a.j.JMeter: os.version=3.13.0-24-generic
2018-03-20 17:42:19,312 INFO o.a.j.JMeter: file.encoding=UTF-8
2018-03-20 17:42:19,312 INFO o.a.j.JMeter: Max memory     =1726480384
2018-03-20 17:42:19,312 INFO o.a.j.JMeter: Available Processors =4
2018-03-20 17:42:19,317 INFO o.a.j.JMeter: Default Locale=espa単ol (Espa単a)
2018-03-20 17:42:19,317 INFO o.a.j.JMeter: JMeter  Locale=espa単ol (Espa単a)
2018-03-20 17:42:19,317 INFO o.a.j.JMeter: JMeterHome=/home/alumnos/e299352/apache-jmeter-4.0
2018-03-20 17:42:19,317 INFO o.a.j.JMeter: user.dir  =/home/alumnos/e299352/P2
2018-03-20 17:42:19,317 INFO o.a.j.JMeter: PWD       =/home/alumnos/e299352/P2
2018-03-20 17:42:19,318 INFO o.a.j.JMeter: IP: 127.0.0.1 Name: localhost FullName: localhost
2018-03-20 17:42:19,502 INFO o.a.j.g.a.LookAndFeelCommand: Installing Darcula LAF
2018-03-20 17:42:19,536 INFO o.a.j.g.a.LookAndFeelCommand: Using look and feel: com.bulenkov.darcula.DarculaLaf [Darcula]
2018-03-20 17:42:19,536 INFO o.a.j.JMeter: Setting LAF to: com.bulenkov.darcula.DarculaLaf
2018-03-20 17:42:19,575 INFO o.a.j.JMeter: Loaded icon properties from org/apache/jmeter/images/icon.properties
2018-03-20 17:42:19,922 INFO o.a.j.e.u.CompoundVariable: Note: Function class names must contain the string: '.functions.'
2018-03-20 17:42:19,922 INFO o.a.j.e.u.CompoundVariable: Note: Function class names must not contain the string: '.gui.'
2018-03-20 17:42:21,142 INFO o.a.j.p.h.s.HTTPSamplerBase: Parser for text/html is org.apache.jmeter.protocol.http.parser.LagartoBasedHtmlParser
2018-03-20 17:42:21,143 INFO o.a.j.p.h.s.HTTPSamplerBase: Parser for application/xhtml+xml is org.apache.jmeter.protocol.http.parser.LagartoBasedHtmlParser
2018-03-20 17:42:21,144 INFO o.a.j.p.h.s.HTTPSamplerBase: Parser for application/xml is org.apache.jmeter.protocol.http.parser.LagartoBasedHtmlParser
2018-03-20 17:42:21,144 INFO o.a.j.p.h.s.HTTPSamplerBase: Parser for text/xml is org.apache.jmeter.protocol.http.parser.LagartoBasedHtmlParser
2018-03-20 17:42:21,144 INFO o.a.j.p.h.s.HTTPSamplerBase: Parser for text/vnd.wap.wml is org.apache.jmeter.protocol.http.parser.RegexpHTMLParser
2018-03-20 17:42:21,144 INFO o.a.j.p.h.s.HTTPSamplerBase: Parser for text/css is org.apache.jmeter.protocol.http.parser.CssParser
2018-03-20 17:42:21,384 INFO o.a.j.e.KeyToolUtils: keytool found at 'keytool'
2018-03-20 17:42:21,384 INFO o.a.j.p.h.p.ProxyControl: HTTP(S) Test Script Recorder SSL Proxy will use keys that support embedded 3rd party resources in file /home/alumnos/e299352/apache-jmeter-4.0/bin/proxyserver.jks
2018-03-20 17:42:21,462 INFO o.a.j.s.FileServer: Default base='/home/alumnos/e299352/P2'
2018-03-20 17:42:21,650 INFO o.a.j.s.SampleResult: Note: Sample TimeStamps are START times
2018-03-20 17:42:21,650 INFO o.a.j.s.SampleResult: sampleresult.default.encoding is set to ISO-8859-1
2018-03-20 17:42:21,650 INFO o.a.j.s.SampleResult: sampleresult.useNanoTime=true
2018-03-20 17:42:21,650 INFO o.a.j.s.SampleResult: sampleresult.nanoThreadSleep=5000
2018-03-20 17:42:35,526 INFO o.a.j.g.a.Load: Loading file: /home/alumnos/e299352/P2/P2.jmx
2018-03-20 17:42:35,526 INFO o.a.j.s.FileServer: Set new base='/home/alumnos/e299352/P2'
2018-03-20 17:42:35,610 INFO o.a.j.s.SaveService: Testplan (JMX) version: 2.2. Testlog (JTL) version: 2.2
2018-03-20 17:42:35,618 INFO o.a.j.s.SaveService: Using SaveService properties file encoding UTF-8
2018-03-20 17:42:35,619 INFO o.a.j.s.SaveService: Using SaveService properties version 4.0
2018-03-20 17:42:35,621 INFO o.a.j.s.SaveService: Loading file: /home/alumnos/e299352/P2/P2.jmx
2018-03-20 17:42:35,721 INFO o.a.j.s.FileServer: Set new base='/home/alumnos/e299352/P2'
2018-03-20 17:42:38,140 INFO o.a.j.e.StandardJMeterEngine: Running the test!
2018-03-20 17:42:38,140 INFO o.a.j.s.SampleEvent: List of sample_variables: []
2018-03-20 17:42:38,140 INFO o.a.j.s.SampleEvent: List of sample_variables: []
2018-03-20 17:42:38,162 INFO o.a.j.g.u.JMeterMenuBar: setRunning(true, *local*)
2018-03-20 17:42:38,277 INFO o.a.j.e.StandardJMeterEngine: Starting ThreadGroup: 1 : P1-base
2018-03-20 17:42:38,277 INFO o.a.j.e.StandardJMeterEngine: Starting 1 threads for group P1-base.
2018-03-20 17:42:38,277 INFO o.a.j.e.StandardJMeterEngine: Thread will continue on error
2018-03-20 17:42:38,277 INFO o.a.j.t.ThreadGroup: Starting thread group... number=1 threads=1 ramp-up=5 perThread=5000.0 delayedStart=false
2018-03-20 17:42:38,281 INFO o.a.j.t.ThreadGroup: Started thread group number 1
2018-03-20 17:42:38,281 INFO o.a.j.e.StandardJMeterEngine: Waiting for thread group: P1-base to finish before starting next group
2018-03-20 17:42:38,290 INFO o.a.j.t.JMeterThread: Thread started: P1-base 1-1
2018-03-20 17:42:38,292 INFO o.a.j.s.FileServer: Stored: datagen/listado.csv
2018-03-20 17:42:38,297 INFO o.a.j.p.h.s.HTTPJavaImpl: Maximum connection retries = 0
2018-03-20 17:42:45,097 INFO o.a.j.t.JMeterThread: Thread is done: P1-base 1-1
2018-03-20 17:42:45,097 INFO o.a.j.t.JMeterThread: Thread finished: P1-base 1-1
2018-03-20 17:42:45,097 INFO o.a.j.e.StandardJMeterEngine: Starting ThreadGroup: 2 : P1-ws-cliente
2018-03-20 17:42:45,097 INFO o.a.j.e.StandardJMeterEngine: Starting 1 threads for group P1-ws-cliente.
2018-03-20 17:42:45,097 INFO o.a.j.e.StandardJMeterEngine: Thread will continue on error
2018-03-20 17:42:45,097 INFO o.a.j.t.ThreadGroup: Starting thread group... number=2 threads=1 ramp-up=5 perThread=5000.0 delayedStart=false
2018-03-20 17:42:45,098 INFO o.a.j.t.ThreadGroup: Started thread group number 2
2018-03-20 17:42:45,098 INFO o.a.j.e.StandardJMeterEngine: Waiting for thread group: P1-ws-cliente to finish before starting next group
2018-03-20 17:42:45,098 INFO o.a.j.t.JMeterThread: Thread started: P1-ws-cliente 2-1
2018-03-20 17:43:32,748 INFO o.a.j.t.JMeterThread: Thread is done: P1-ws-cliente 2-1
2018-03-20 17:43:32,748 INFO o.a.j.t.JMeterThread: Thread finished: P1-ws-cliente 2-1
2018-03-20 17:43:32,748 INFO o.a.j.e.StandardJMeterEngine: Starting ThreadGroup: 3 : P1-ejb-cliente-remoto
2018-03-20 17:43:32,749 INFO o.a.j.e.StandardJMeterEngine: Starting 1 threads for group P1-ejb-cliente-remoto.
2018-03-20 17:43:32,749 INFO o.a.j.e.StandardJMeterEngine: Thread will continue on error
2018-03-20 17:43:32,749 INFO o.a.j.t.ThreadGroup: Starting thread group... number=3 threads=1 ramp-up=5 perThread=5000.0 delayedStart=false
2018-03-20 17:43:32,752 INFO o.a.j.t.ThreadGroup: Started thread group number 3
2018-03-20 17:43:32,752 INFO o.a.j.e.StandardJMeterEngine: All thread groups have been started
2018-03-20 17:43:32,752 INFO o.a.j.t.JMeterThread: Thread started: P1-ejb-cliente-remoto 3-1
2018-03-20 17:43:49,582 INFO o.a.j.t.JMeterThread: Thread is done: P1-ejb-cliente-remoto 3-1
2018-03-20 17:43:49,582 INFO o.a.j.t.JMeterThread: Thread finished: P1-ejb-cliente-remoto 3-1
2018-03-20 17:43:49,582 INFO o.a.j.e.StandardJMeterEngine: Notifying test listeners of end of test
2018-03-20 17:43:49,583 INFO o.a.j.s.FileServer: Close: datagen/listado.csv
2018-03-20 17:43:49,583 INFO o.a.j.g.u.JMeterMenuBar: setRunning(false, *local*)
2018-03-20 17:50:44,479 INFO o.a.j.e.StandardJMeterEngine: Running the test!
2018-03-20 17:50:44,479 INFO o.a.j.s.SampleEvent: List of sample_variables: []
2018-03-20 17:50:44,480 INFO o.a.j.g.u.JMeterMenuBar: setRunning(true, *local*)
2018-03-20 17:50:44,612 INFO o.a.j.e.StandardJMeterEngine: Starting ThreadGroup: 1 : P1-base
2018-03-20 17:50:44,612 INFO o.a.j.e.StandardJMeterEngine: Starting 1 threads for group P1-base.
2018-03-20 17:50:44,612 INFO o.a.j.e.StandardJMeterEngine: Thread will continue on error
2018-03-20 17:50:44,612 INFO o.a.j.t.ThreadGroup: Starting thread group... number=1 threads=1 ramp-up=5 perThread=5000.0 delayedStart=false
2018-03-20 17:50:44,612 INFO o.a.j.t.ThreadGroup: Started thread group number 1
2018-03-20 17:50:44,612 INFO o.a.j.e.StandardJMeterEngine: Waiting for thread group: P1-base to finish before starting next group
2018-03-20 17:50:44,615 INFO o.a.j.t.JMeterThread: Thread started: P1-base 1-1
2018-03-20 17:50:44,616 INFO o.a.j.s.FileServer: Stored: datagen/listado.csv
2018-03-20 17:50:56,526 INFO o.a.j.t.JMeterThread: Thread is done: P1-base 1-1
2018-03-20 17:50:56,526 INFO o.a.j.t.JMeterThread: Thread finished: P1-base 1-1
2018-03-20 17:50:56,526 INFO o.a.j.e.StandardJMeterEngine: Starting ThreadGroup: 2 : P1-ws-cliente
2018-03-20 17:50:56,527 INFO o.a.j.e.StandardJMeterEngine: Starting 1 threads for group P1-ws-cliente.
2018-03-20 17:50:56,527 INFO o.a.j.e.StandardJMeterEngine: Thread will continue on error
2018-03-20 17:50:56,527 INFO o.a.j.t.ThreadGroup: Starting thread group... number=2 threads=1 ramp-up=5 perThread=5000.0 delayedStart=false
2018-03-20 17:50:56,527 INFO o.a.j.t.ThreadGroup: Started thread group number 2
2018-03-20 17:50:56,527 INFO o.a.j.e.StandardJMeterEngine: Waiting for thread group: P1-ws-cliente to finish before starting next group
2018-03-20 17:50:56,528 INFO o.a.j.t.JMeterThread: Thread started: P1-ws-cliente 2-1
2018-03-20 17:51:50,416 INFO o.a.j.t.JMeterThread: Thread is done: P1-ws-cliente 2-1
2018-03-20 17:51:50,416 INFO o.a.j.t.JMeterThread: Thread finished: P1-ws-cliente 2-1
2018-03-20 17:51:50,416 INFO o.a.j.e.StandardJMeterEngine: Starting ThreadGroup: 3 : P1-ejb-cliente-remoto
2018-03-20 17:51:50,416 INFO o.a.j.e.StandardJMeterEngine: Starting 1 threads for group P1-ejb-cliente-remoto.
2018-03-20 17:51:50,416 INFO o.a.j.e.StandardJMeterEngine: Thread will continue on error
2018-03-20 17:51:50,416 INFO o.a.j.t.ThreadGroup: Starting thread group... number=3 threads=1 ramp-up=5 perThread=5000.0 delayedStart=false
2018-03-20 17:51:50,416 INFO o.a.j.t.ThreadGroup: Started thread group number 3
2018-03-20 17:51:50,417 INFO o.a.j.e.StandardJMeterEngine: All thread groups have been started
2018-03-20 17:51:50,417 INFO o.a.j.t.JMeterThread: Thread started: P1-ejb-cliente-remoto 3-1
2018-03-20 17:52:17,037 INFO o.a.j.t.JMeterThread: Thread is done: P1-ejb-cliente-remoto 3-1
2018-03-20 17:52:17,037 INFO o.a.j.t.JMeterThread: Thread finished: P1-ejb-cliente-remoto 3-1
2018-03-20 17:52:17,037 INFO o.a.j.e.StandardJMeterEngine: Notifying test listeners of end of test
2018-03-20 17:52:17,037 INFO o.a.j.s.FileServer: Close: datagen/listado.csv
2018-03-20 17:52:17,037 INFO o.a.j.g.u.JMeterMenuBar: setRunning(false, *local*)
2018-03-20 17:57:26,266 INFO o.a.j.e.StandardJMeterEngine: Running the test!
2018-03-20 17:57:26,266 INFO o.a.j.s.SampleEvent: List of sample_variables: []
2018-03-20 17:57:26,270 INFO o.a.j.g.u.JMeterMenuBar: setRunning(true, *local*)
2018-03-20 17:57:26,355 INFO o.a.j.e.StandardJMeterEngine: Starting ThreadGroup: 1 : P1-base
2018-03-20 17:57:26,355 INFO o.a.j.e.StandardJMeterEngine: Starting 1 threads for group P1-base.
2018-03-20 17:57:26,355 INFO o.a.j.e.StandardJMeterEngine: Thread will continue on error
2018-03-20 17:57:26,355 INFO o.a.j.t.ThreadGroup: Starting thread group... number=1 threads=1 ramp-up=5 perThread=5000.0 delayedStart=false
2018-03-20 17:57:26,356 INFO o.a.j.t.ThreadGroup: Started thread group number 1
2018-03-20 17:57:26,356 INFO o.a.j.e.StandardJMeterEngine: Waiting for thread group: P1-base to finish before starting next group
2018-03-20 17:57:26,356 INFO o.a.j.t.JMeterThread: Thread started: P1-base 1-1
2018-03-20 17:57:26,357 INFO o.a.j.s.FileServer: Stored: datagen/listado.csv
2018-03-20 17:57:36,987 INFO o.a.j.t.JMeterThread: Thread is done: P1-base 1-1
2018-03-20 17:57:36,987 INFO o.a.j.t.JMeterThread: Thread finished: P1-base 1-1
2018-03-20 17:57:36,987 INFO o.a.j.e.StandardJMeterEngine: Starting ThreadGroup: 2 : P1-ws-cliente
2018-03-20 17:57:36,988 INFO o.a.j.e.StandardJMeterEngine: Starting 1 threads for group P1-ws-cliente.
2018-03-20 17:57:36,988 INFO o.a.j.e.StandardJMeterEngine: Thread will continue on error
2018-03-20 17:57:36,988 INFO o.a.j.t.ThreadGroup: Starting thread group... number=2 threads=1 ramp-up=5 perThread=5000.0 delayedStart=false
2018-03-20 17:57:36,989 INFO o.a.j.t.ThreadGroup: Started thread group number 2
2018-03-20 17:57:36,989 INFO o.a.j.e.StandardJMeterEngine: Waiting for thread group: P1-ws-cliente to finish before starting next group
2018-03-20 17:57:36,990 INFO o.a.j.t.JMeterThread: Thread started: P1-ws-cliente 2-1
2018-03-20 17:58:27,926 INFO o.a.j.t.JMeterThread: Thread is done: P1-ws-cliente 2-1
2018-03-20 17:58:27,926 INFO o.a.j.t.JMeterThread: Thread finished: P1-ws-cliente 2-1
2018-03-20 17:58:27,926 INFO o.a.j.e.StandardJMeterEngine: Starting ThreadGroup: 3 : P1-ejb-cliente-remoto
2018-03-20 17:58:27,927 INFO o.a.j.e.StandardJMeterEngine: Starting 1 threads for group P1-ejb-cliente-remoto.
2018-03-20 17:58:27,927 INFO o.a.j.e.StandardJMeterEngine: Thread will continue on error
2018-03-20 17:58:27,927 INFO o.a.j.t.ThreadGroup: Starting thread group... number=3 threads=1 ramp-up=5 perThread=5000.0 delayedStart=false
2018-03-20 17:58:27,927 INFO o.a.j.t.ThreadGroup: Started thread group number 3
2018-03-20 17:58:27,927 INFO o.a.j.e.StandardJMeterEngine: All thread groups have been started
2018-03-20 17:58:27,927 INFO o.a.j.t.JMeterThread: Thread started: P1-ejb-cliente-remoto 3-1
2018-03-20 17:58:51,692 INFO o.a.j.t.JMeterThread: Thread is done: P1-ejb-cliente-remoto 3-1
2018-03-20 17:58:51,692 INFO o.a.j.t.JMeterThread: Thread finished: P1-ejb-cliente-remoto 3-1
2018-03-20 17:58:51,692 INFO o.a.j.e.StandardJMeterEngine: Notifying test listeners of end of test
2018-03-20 17:58:51,692 INFO o.a.j.s.FileServer: Close: datagen/listado.csv
2018-03-20 17:58:51,693 INFO o.a.j.g.u.JMeterMenuBar: setRunning(false, *local*)
