2018-05-03 16:10:56,064 INFO o.a.j.u.JMeterUtils: Setting Locale to es_ES
2018-05-03 16:10:56,091 INFO o.a.j.u.JMeterUtils: Could not find resources for 'es_ES', using 'es'
2018-05-03 16:10:56,092 INFO o.a.j.JMeter: Loading user properties from: user.properties
2018-05-03 16:10:56,092 INFO o.a.j.JMeter: Loading system properties from: system.properties
2018-05-03 16:10:56,096 INFO o.a.j.JMeter: Copyright (c) 1998-2018 The Apache Software Foundation
2018-05-03 16:10:56,096 INFO o.a.j.JMeter: Version 4.0 r1823414
2018-05-03 16:10:56,096 INFO o.a.j.JMeter: java.version=1.8.0_131
2018-05-03 16:10:56,096 INFO o.a.j.JMeter: java.vm.name=Java HotSpot(TM) 64-Bit Server VM
2018-05-03 16:10:56,096 INFO o.a.j.JMeter: os.name=Linux
2018-05-03 16:10:56,096 INFO o.a.j.JMeter: os.arch=amd64
2018-05-03 16:10:56,096 INFO o.a.j.JMeter: os.version=3.13.0-24-generic
2018-05-03 16:10:56,096 INFO o.a.j.JMeter: file.encoding=UTF-8
2018-05-03 16:10:56,096 INFO o.a.j.JMeter: Max memory     =1726480384
2018-05-03 16:10:56,096 INFO o.a.j.JMeter: Available Processors =4
2018-05-03 16:10:56,114 INFO o.a.j.JMeter: Default Locale=espa単ol (Espa単a)
2018-05-03 16:10:56,114 INFO o.a.j.JMeter: JMeter  Locale=espa単ol (Espa単a)
2018-05-03 16:10:56,114 INFO o.a.j.JMeter: JMeterHome=/home/alumnos/e321075/si2/Sol/apache-jmeter-4.0
2018-05-03 16:10:56,114 INFO o.a.j.JMeter: user.dir  =/home/alumnos/e321075/si2/Sol/apache-jmeter-4.0/bin
2018-05-03 16:10:56,114 INFO o.a.j.JMeter: PWD       =/home/alumnos/e321075/si2/Sol/apache-jmeter-4.0/bin
2018-05-03 16:10:56,115 INFO o.a.j.JMeter: IP: 127.0.0.1 Name: localhost FullName: localhost
2018-05-03 16:10:56,781 INFO o.a.j.g.a.LookAndFeelCommand: Installing Darcula LAF
2018-05-03 16:10:56,895 INFO o.a.j.g.a.LookAndFeelCommand: Using look and feel: com.bulenkov.darcula.DarculaLaf [Darcula]
2018-05-03 16:10:56,895 INFO o.a.j.JMeter: Setting LAF to: com.bulenkov.darcula.DarculaLaf
2018-05-03 16:10:57,012 INFO o.a.j.JMeter: Loaded icon properties from org/apache/jmeter/images/icon.properties
2018-05-03 16:10:57,393 INFO o.a.j.e.u.CompoundVariable: Note: Function class names must contain the string: '.functions.'
2018-05-03 16:10:57,393 INFO o.a.j.e.u.CompoundVariable: Note: Function class names must not contain the string: '.gui.'
2018-05-03 16:11:01,130 INFO o.a.j.p.h.s.HTTPSamplerBase: Parser for text/html is org.apache.jmeter.protocol.http.parser.LagartoBasedHtmlParser
2018-05-03 16:11:01,131 INFO o.a.j.p.h.s.HTTPSamplerBase: Parser for application/xhtml+xml is org.apache.jmeter.protocol.http.parser.LagartoBasedHtmlParser
2018-05-03 16:11:01,131 INFO o.a.j.p.h.s.HTTPSamplerBase: Parser for application/xml is org.apache.jmeter.protocol.http.parser.LagartoBasedHtmlParser
2018-05-03 16:11:01,131 INFO o.a.j.p.h.s.HTTPSamplerBase: Parser for text/xml is org.apache.jmeter.protocol.http.parser.LagartoBasedHtmlParser
2018-05-03 16:11:01,131 INFO o.a.j.p.h.s.HTTPSamplerBase: Parser for text/vnd.wap.wml is org.apache.jmeter.protocol.http.parser.RegexpHTMLParser
2018-05-03 16:11:01,132 INFO o.a.j.p.h.s.HTTPSamplerBase: Parser for text/css is org.apache.jmeter.protocol.http.parser.CssParser
2018-05-03 16:11:01,445 INFO o.a.j.e.KeyToolUtils: keytool found at 'keytool'
2018-05-03 16:11:01,446 INFO o.a.j.p.h.p.ProxyControl: HTTP(S) Test Script Recorder SSL Proxy will use keys that support embedded 3rd party resources in file /home/alumnos/e321075/si2/Sol/apache-jmeter-4.0/bin/proxyserver.jks
2018-05-03 16:11:01,545 INFO o.a.j.s.FileServer: Default base='/home/alumnos/e321075/si2/Sol/apache-jmeter-4.0/bin'
2018-05-03 16:11:01,828 INFO o.a.j.s.SampleResult: Note: Sample TimeStamps are START times
2018-05-03 16:11:01,828 INFO o.a.j.s.SampleResult: sampleresult.default.encoding is set to ISO-8859-1
2018-05-03 16:11:01,828 INFO o.a.j.s.SampleResult: sampleresult.useNanoTime=true
2018-05-03 16:11:01,831 INFO o.a.j.s.SampleResult: sampleresult.nanoThreadSleep=5000
2018-05-03 16:11:26,331 INFO o.a.j.g.a.Load: Loading file: /home/alumnos/e321075/si2/Sol/P2.jmx
2018-05-03 16:11:26,332 INFO o.a.j.s.FileServer: Set new base='/home/alumnos/e321075/si2/Sol'
2018-05-03 16:11:26,474 INFO o.a.j.s.SaveService: Testplan (JMX) version: 2.2. Testlog (JTL) version: 2.2
2018-05-03 16:11:26,477 INFO o.a.j.s.SaveService: Using SaveService properties file encoding UTF-8
2018-05-03 16:11:26,478 INFO o.a.j.s.SaveService: Using SaveService properties version 4.0
2018-05-03 16:11:26,480 INFO o.a.j.s.SaveService: Loading file: /home/alumnos/e321075/si2/Sol/P2.jmx
2018-05-03 16:11:26,583 INFO o.a.j.s.FileServer: Set new base='/home/alumnos/e321075/si2/Sol'
2018-05-03 16:19:13,061 INFO o.a.j.e.StandardJMeterEngine: Running the test!
2018-05-03 16:19:13,062 INFO o.a.j.s.SampleEvent: List of sample_variables: []
2018-05-03 16:19:13,062 INFO o.a.j.s.SampleEvent: List of sample_variables: []
2018-05-03 16:19:13,065 INFO o.a.j.g.u.JMeterMenuBar: setRunning(true, *local*)
2018-05-03 16:19:13,226 INFO o.a.j.e.StandardJMeterEngine: Starting ThreadGroup: 1 : P1-base-ex
2018-05-03 16:19:13,226 INFO o.a.j.e.StandardJMeterEngine: Starting 1 threads for group P1-base-ex.
2018-05-03 16:19:13,226 INFO o.a.j.e.StandardJMeterEngine: Thread will continue on error
2018-05-03 16:19:13,226 INFO o.a.j.t.ThreadGroup: Starting thread group... number=1 threads=1 ramp-up=5 perThread=5000.0 delayedStart=false
2018-05-03 16:19:13,229 INFO o.a.j.t.ThreadGroup: Started thread group number 1
2018-05-03 16:19:13,230 INFO o.a.j.e.StandardJMeterEngine: All thread groups have been started
2018-05-03 16:19:13,236 INFO o.a.j.t.JMeterThread: Thread started: P1-base-ex 1-1
2018-05-03 16:19:13,243 INFO o.a.j.p.h.s.HTTPJavaImpl: Maximum connection retries = 0
2018-05-03 16:22:04,594 INFO o.a.j.g.a.Start: Stopping test
2018-05-03 16:22:04,599 INFO o.a.j.t.JMeterThread: Stopping: P1-base-ex 1-1
2018-05-03 16:22:04,599 WARN o.a.j.t.JMeterThread: Interrupting: P1-base-ex 1-1 sampler: P1-base
2018-05-03 16:22:04,601 INFO o.a.j.t.JMeterThread: Thread finished: P1-base-ex 1-1
2018-05-03 16:22:04,601 INFO o.a.j.e.StandardJMeterEngine: Notifying test listeners of end of test
2018-05-03 16:22:04,601 INFO o.a.j.g.u.JMeterMenuBar: setRunning(false, *local*)
2018-05-03 16:22:52,137 INFO o.a.j.e.StandardJMeterEngine: Running the test!
2018-05-03 16:22:52,138 INFO o.a.j.s.SampleEvent: List of sample_variables: []
2018-05-03 16:22:52,140 INFO o.a.j.g.u.JMeterMenuBar: setRunning(true, *local*)
2018-05-03 16:22:52,295 INFO o.a.j.e.StandardJMeterEngine: Starting ThreadGroup: 1 : P1-base-ex
2018-05-03 16:22:52,295 INFO o.a.j.e.StandardJMeterEngine: Starting 20 threads for group P1-base-ex.
2018-05-03 16:22:52,295 INFO o.a.j.e.StandardJMeterEngine: Thread will continue on error
2018-05-03 16:22:52,295 INFO o.a.j.t.ThreadGroup: Starting thread group... number=1 threads=20 ramp-up=5 perThread=250.0 delayedStart=false
2018-05-03 16:22:52,296 INFO o.a.j.t.JMeterThread: Thread started: P1-base-ex 1-1
2018-05-03 16:22:52,320 INFO o.a.j.t.ThreadGroup: Started thread group number 1
2018-05-03 16:22:52,320 INFO o.a.j.e.StandardJMeterEngine: All thread groups have been started
2018-05-03 16:22:52,323 INFO o.a.j.t.JMeterThread: Thread is done: P1-base-ex 1-1
2018-05-03 16:22:52,323 INFO o.a.j.t.JMeterThread: Thread finished: P1-base-ex 1-1
2018-05-03 16:22:52,547 INFO o.a.j.t.JMeterThread: Thread started: P1-base-ex 1-2
2018-05-03 16:22:52,568 INFO o.a.j.t.JMeterThread: Thread is done: P1-base-ex 1-2
2018-05-03 16:22:52,568 INFO o.a.j.t.JMeterThread: Thread finished: P1-base-ex 1-2
2018-05-03 16:22:52,799 INFO o.a.j.t.JMeterThread: Thread started: P1-base-ex 1-3
2018-05-03 16:22:52,821 INFO o.a.j.t.JMeterThread: Thread is done: P1-base-ex 1-3
2018-05-03 16:22:52,821 INFO o.a.j.t.JMeterThread: Thread finished: P1-base-ex 1-3
2018-05-03 16:22:53,049 INFO o.a.j.t.JMeterThread: Thread started: P1-base-ex 1-4
2018-05-03 16:22:53,072 INFO o.a.j.t.JMeterThread: Thread is done: P1-base-ex 1-4
2018-05-03 16:22:53,072 INFO o.a.j.t.JMeterThread: Thread finished: P1-base-ex 1-4
2018-05-03 16:22:53,303 INFO o.a.j.t.JMeterThread: Thread started: P1-base-ex 1-5
2018-05-03 16:22:53,323 INFO o.a.j.t.JMeterThread: Thread is done: P1-base-ex 1-5
2018-05-03 16:22:53,323 INFO o.a.j.t.JMeterThread: Thread finished: P1-base-ex 1-5
2018-05-03 16:22:53,554 INFO o.a.j.t.JMeterThread: Thread started: P1-base-ex 1-6
2018-05-03 16:22:53,577 INFO o.a.j.t.JMeterThread: Thread is done: P1-base-ex 1-6
2018-05-03 16:22:53,577 INFO o.a.j.t.JMeterThread: Thread finished: P1-base-ex 1-6
2018-05-03 16:22:53,808 INFO o.a.j.t.JMeterThread: Thread started: P1-base-ex 1-7
2018-05-03 16:22:53,828 INFO o.a.j.t.JMeterThread: Thread is done: P1-base-ex 1-7
2018-05-03 16:22:53,828 INFO o.a.j.t.JMeterThread: Thread finished: P1-base-ex 1-7
2018-05-03 16:22:54,060 INFO o.a.j.t.JMeterThread: Thread started: P1-base-ex 1-8
2018-05-03 16:22:54,087 INFO o.a.j.t.JMeterThread: Thread is done: P1-base-ex 1-8
2018-05-03 16:22:54,087 INFO o.a.j.t.JMeterThread: Thread finished: P1-base-ex 1-8
2018-05-03 16:22:54,310 INFO o.a.j.t.JMeterThread: Thread started: P1-base-ex 1-9
2018-05-03 16:22:54,340 INFO o.a.j.t.JMeterThread: Thread is done: P1-base-ex 1-9
2018-05-03 16:22:54,340 INFO o.a.j.t.JMeterThread: Thread finished: P1-base-ex 1-9
2018-05-03 16:22:54,561 INFO o.a.j.t.JMeterThread: Thread started: P1-base-ex 1-10
2018-05-03 16:22:54,587 INFO o.a.j.t.JMeterThread: Thread is done: P1-base-ex 1-10
2018-05-03 16:22:54,587 INFO o.a.j.t.JMeterThread: Thread finished: P1-base-ex 1-10
2018-05-03 16:22:54,811 INFO o.a.j.t.JMeterThread: Thread started: P1-base-ex 1-11
2018-05-03 16:22:54,831 INFO o.a.j.t.JMeterThread: Thread is done: P1-base-ex 1-11
2018-05-03 16:22:54,831 INFO o.a.j.t.JMeterThread: Thread finished: P1-base-ex 1-11
2018-05-03 16:22:55,061 INFO o.a.j.t.JMeterThread: Thread started: P1-base-ex 1-12
2018-05-03 16:22:55,082 INFO o.a.j.t.JMeterThread: Thread is done: P1-base-ex 1-12
2018-05-03 16:22:55,082 INFO o.a.j.t.JMeterThread: Thread finished: P1-base-ex 1-12
2018-05-03 16:22:55,310 INFO o.a.j.t.JMeterThread: Thread started: P1-base-ex 1-13
2018-05-03 16:22:55,335 INFO o.a.j.t.JMeterThread: Thread is done: P1-base-ex 1-13
2018-05-03 16:22:55,335 INFO o.a.j.t.JMeterThread: Thread finished: P1-base-ex 1-13
2018-05-03 16:22:55,564 INFO o.a.j.t.JMeterThread: Thread started: P1-base-ex 1-14
2018-05-03 16:22:55,585 INFO o.a.j.t.JMeterThread: Thread is done: P1-base-ex 1-14
2018-05-03 16:22:55,585 INFO o.a.j.t.JMeterThread: Thread finished: P1-base-ex 1-14
2018-05-03 16:22:55,815 INFO o.a.j.t.JMeterThread: Thread started: P1-base-ex 1-15
2018-05-03 16:22:55,841 INFO o.a.j.t.JMeterThread: Thread is done: P1-base-ex 1-15
2018-05-03 16:22:55,841 INFO o.a.j.t.JMeterThread: Thread finished: P1-base-ex 1-15
2018-05-03 16:22:56,067 INFO o.a.j.t.JMeterThread: Thread started: P1-base-ex 1-16
2018-05-03 16:22:56,084 INFO o.a.j.t.JMeterThread: Thread is done: P1-base-ex 1-16
2018-05-03 16:22:56,084 INFO o.a.j.t.JMeterThread: Thread finished: P1-base-ex 1-16
2018-05-03 16:22:56,320 INFO o.a.j.t.JMeterThread: Thread started: P1-base-ex 1-17
2018-05-03 16:22:56,340 INFO o.a.j.t.JMeterThread: Thread is done: P1-base-ex 1-17
2018-05-03 16:22:56,340 INFO o.a.j.t.JMeterThread: Thread finished: P1-base-ex 1-17
2018-05-03 16:22:56,570 INFO o.a.j.t.JMeterThread: Thread started: P1-base-ex 1-18
2018-05-03 16:22:56,581 INFO o.a.j.t.JMeterThread: Thread is done: P1-base-ex 1-18
2018-05-03 16:22:56,581 INFO o.a.j.t.JMeterThread: Thread finished: P1-base-ex 1-18
2018-05-03 16:22:56,820 INFO o.a.j.t.JMeterThread: Thread started: P1-base-ex 1-19
2018-05-03 16:22:56,842 INFO o.a.j.t.JMeterThread: Thread is done: P1-base-ex 1-19
2018-05-03 16:22:56,842 INFO o.a.j.t.JMeterThread: Thread finished: P1-base-ex 1-19
2018-05-03 16:22:57,071 INFO o.a.j.t.JMeterThread: Thread started: P1-base-ex 1-20
2018-05-03 16:22:57,090 INFO o.a.j.t.JMeterThread: Thread is done: P1-base-ex 1-20
2018-05-03 16:22:57,090 INFO o.a.j.t.JMeterThread: Thread finished: P1-base-ex 1-20
2018-05-03 16:22:57,091 INFO o.a.j.e.StandardJMeterEngine: Notifying test listeners of end of test
2018-05-03 16:22:57,091 INFO o.a.j.g.u.JMeterMenuBar: setRunning(false, *local*)
2018-05-03 16:24:25,916 INFO o.a.j.e.StandardJMeterEngine: Running the test!
2018-05-03 16:24:25,916 INFO o.a.j.s.SampleEvent: List of sample_variables: []
2018-05-03 16:24:25,918 INFO o.a.j.g.u.JMeterMenuBar: setRunning(true, *local*)
2018-05-03 16:24:26,001 INFO o.a.j.e.StandardJMeterEngine: Starting ThreadGroup: 1 : P1-base-ex
2018-05-03 16:24:26,002 INFO o.a.j.e.StandardJMeterEngine: Starting 20 threads for group P1-base-ex.
2018-05-03 16:24:26,002 INFO o.a.j.e.StandardJMeterEngine: Thread will continue on error
2018-05-03 16:24:26,003 INFO o.a.j.t.ThreadGroup: Starting thread group... number=1 threads=20 ramp-up=5 perThread=250.0 delayedStart=false
2018-05-03 16:24:26,006 INFO o.a.j.t.JMeterThread: Thread started: P1-base-ex 1-1
2018-05-03 16:24:26,016 INFO o.a.j.t.ThreadGroup: Started thread group number 1
2018-05-03 16:24:26,017 INFO o.a.j.e.StandardJMeterEngine: All thread groups have been started
2018-05-03 16:24:26,064 INFO o.a.j.t.JMeterThread: Thread is done: P1-base-ex 1-1
2018-05-03 16:24:26,064 INFO o.a.j.t.JMeterThread: Thread finished: P1-base-ex 1-1
2018-05-03 16:24:26,255 INFO o.a.j.t.JMeterThread: Thread started: P1-base-ex 1-2
2018-05-03 16:24:26,317 INFO o.a.j.t.JMeterThread: Thread is done: P1-base-ex 1-2
2018-05-03 16:24:26,317 INFO o.a.j.t.JMeterThread: Thread finished: P1-base-ex 1-2
2018-05-03 16:24:26,505 INFO o.a.j.t.JMeterThread: Thread started: P1-base-ex 1-3
2018-05-03 16:24:26,549 INFO o.a.j.t.JMeterThread: Thread is done: P1-base-ex 1-3
2018-05-03 16:24:26,549 INFO o.a.j.t.JMeterThread: Thread finished: P1-base-ex 1-3
2018-05-03 16:24:26,760 INFO o.a.j.t.JMeterThread: Thread started: P1-base-ex 1-4
2018-05-03 16:24:26,809 INFO o.a.j.t.JMeterThread: Thread is done: P1-base-ex 1-4
2018-05-03 16:24:26,809 INFO o.a.j.t.JMeterThread: Thread finished: P1-base-ex 1-4
2018-05-03 16:24:27,010 INFO o.a.j.t.JMeterThread: Thread started: P1-base-ex 1-5
2018-05-03 16:24:27,054 INFO o.a.j.t.JMeterThread: Thread is done: P1-base-ex 1-5
2018-05-03 16:24:27,054 INFO o.a.j.t.JMeterThread: Thread finished: P1-base-ex 1-5
2018-05-03 16:24:27,261 INFO o.a.j.t.JMeterThread: Thread started: P1-base-ex 1-6
2018-05-03 16:24:27,299 INFO o.a.j.t.JMeterThread: Thread is done: P1-base-ex 1-6
2018-05-03 16:24:27,299 INFO o.a.j.t.JMeterThread: Thread finished: P1-base-ex 1-6
2018-05-03 16:24:27,511 INFO o.a.j.t.JMeterThread: Thread started: P1-base-ex 1-7
2018-05-03 16:24:27,555 INFO o.a.j.t.JMeterThread: Thread is done: P1-base-ex 1-7
2018-05-03 16:24:27,556 INFO o.a.j.t.JMeterThread: Thread finished: P1-base-ex 1-7
2018-05-03 16:24:27,761 INFO o.a.j.t.JMeterThread: Thread started: P1-base-ex 1-8
2018-05-03 16:24:27,805 INFO o.a.j.t.JMeterThread: Thread is done: P1-base-ex 1-8
2018-05-03 16:24:27,805 INFO o.a.j.t.JMeterThread: Thread finished: P1-base-ex 1-8
2018-05-03 16:24:28,012 INFO o.a.j.t.JMeterThread: Thread started: P1-base-ex 1-9
2018-05-03 16:24:28,054 INFO o.a.j.t.JMeterThread: Thread is done: P1-base-ex 1-9
2018-05-03 16:24:28,054 INFO o.a.j.t.JMeterThread: Thread finished: P1-base-ex 1-9
2018-05-03 16:24:28,262 INFO o.a.j.t.JMeterThread: Thread started: P1-base-ex 1-10
2018-05-03 16:24:28,306 INFO o.a.j.t.JMeterThread: Thread is done: P1-base-ex 1-10
2018-05-03 16:24:28,306 INFO o.a.j.t.JMeterThread: Thread finished: P1-base-ex 1-10
2018-05-03 16:24:28,512 INFO o.a.j.t.JMeterThread: Thread started: P1-base-ex 1-11
2018-05-03 16:24:28,553 INFO o.a.j.t.JMeterThread: Thread is done: P1-base-ex 1-11
2018-05-03 16:24:28,553 INFO o.a.j.t.JMeterThread: Thread finished: P1-base-ex 1-11
2018-05-03 16:24:28,762 INFO o.a.j.t.JMeterThread: Thread started: P1-base-ex 1-12
2018-05-03 16:24:28,806 INFO o.a.j.t.JMeterThread: Thread is done: P1-base-ex 1-12
2018-05-03 16:24:28,806 INFO o.a.j.t.JMeterThread: Thread finished: P1-base-ex 1-12
2018-05-03 16:24:29,013 INFO o.a.j.t.JMeterThread: Thread started: P1-base-ex 1-13
2018-05-03 16:24:29,053 INFO o.a.j.t.JMeterThread: Thread is done: P1-base-ex 1-13
2018-05-03 16:24:29,054 INFO o.a.j.t.JMeterThread: Thread finished: P1-base-ex 1-13
2018-05-03 16:24:29,262 INFO o.a.j.t.JMeterThread: Thread started: P1-base-ex 1-14
2018-05-03 16:24:29,307 INFO o.a.j.t.JMeterThread: Thread is done: P1-base-ex 1-14
2018-05-03 16:24:29,307 INFO o.a.j.t.JMeterThread: Thread finished: P1-base-ex 1-14
2018-05-03 16:24:29,517 INFO o.a.j.t.JMeterThread: Thread started: P1-base-ex 1-15
2018-05-03 16:24:29,560 INFO o.a.j.t.JMeterThread: Thread is done: P1-base-ex 1-15
2018-05-03 16:24:29,560 INFO o.a.j.t.JMeterThread: Thread finished: P1-base-ex 1-15
2018-05-03 16:24:29,767 INFO o.a.j.t.JMeterThread: Thread started: P1-base-ex 1-16
2018-05-03 16:24:29,812 INFO o.a.j.t.JMeterThread: Thread is done: P1-base-ex 1-16
2018-05-03 16:24:29,812 INFO o.a.j.t.JMeterThread: Thread finished: P1-base-ex 1-16
2018-05-03 16:24:30,017 INFO o.a.j.t.JMeterThread: Thread started: P1-base-ex 1-17
2018-05-03 16:24:30,068 INFO o.a.j.t.JMeterThread: Thread is done: P1-base-ex 1-17
2018-05-03 16:24:30,068 INFO o.a.j.t.JMeterThread: Thread finished: P1-base-ex 1-17
2018-05-03 16:24:30,266 INFO o.a.j.t.JMeterThread: Thread started: P1-base-ex 1-18
2018-05-03 16:24:30,301 INFO o.a.j.t.JMeterThread: Thread is done: P1-base-ex 1-18
2018-05-03 16:24:30,301 INFO o.a.j.t.JMeterThread: Thread finished: P1-base-ex 1-18
2018-05-03 16:24:30,516 INFO o.a.j.t.JMeterThread: Thread started: P1-base-ex 1-19
2018-05-03 16:24:30,562 INFO o.a.j.t.JMeterThread: Thread is done: P1-base-ex 1-19
2018-05-03 16:24:30,562 INFO o.a.j.t.JMeterThread: Thread finished: P1-base-ex 1-19
2018-05-03 16:24:30,767 INFO o.a.j.t.JMeterThread: Thread started: P1-base-ex 1-20
2018-05-03 16:24:30,815 INFO o.a.j.t.JMeterThread: Thread is done: P1-base-ex 1-20
2018-05-03 16:24:30,816 INFO o.a.j.t.JMeterThread: Thread finished: P1-base-ex 1-20
2018-05-03 16:24:30,816 INFO o.a.j.e.StandardJMeterEngine: Notifying test listeners of end of test
2018-05-03 16:24:30,816 INFO o.a.j.g.u.JMeterMenuBar: setRunning(false, *local*)
